09/10/16 @ 13:49:30  - Sign turned off for the day - saving money!
09/10/16 @ 13:49:30  - Turning relay in1 off 
09/10/16 @ 13:49:30  - Sunrise today:  06:33
09/10/16 @ 13:49:17  * Sunset tonight:  19:28
09/10/16 @ 13:44:04  - Sign turned off 
09/10/16 @ 13:44:04  - Turning relay in1 off 
09/10/16 @ 13:44:04  - Sunrise today:  06:33
09/10/16 @ 13:31:11  - Sign turned off 
09/10/16 @ 13:31:11  - Turning relay in1 off 
09/10/16 @ 13:31:11  - Sunrise today:  06:33
09/10/16 @ 13:31:06  * Sunset tonight:  19:28
09/10/16 @ 13:30:02  - Sign turned off 
09/10/16 @ 13:30:02  - Turning relay in1 off 
09/10/16 @ 13:30:02  - Sunrise today:  06:33

09/10/16 @ 13:28:29  * Sign turned on for the evening 
09/10/16 @ 13:28:29  - Turning relay in1 off 
09/10/16 @ 13:28:29  - Sunrise today:  06:33

09/10/16 @ 13:27:21  * Sign turned on for the evening 
09/10/16 @ 13:27:20  * Turning relay in1 on 
09/10/16 @ 13:27:20  - Sunrise today:  06:33
09/10/16 @ 13:26:58  - Sunrise today:  06:33
09/10/16 @ 13:26:27  * Sunset tonight: 
09/10/16 @ 13:24:13  * Sunset tonight:  19:28
09/10/16 @ 13:14:12  * Sunset tonight:  19:33
